dowprov.dowcave.dow1.27 - dowprov.dowcave.dow1.26 - dowprov.dowcave.dow1.25 - dowprov.dowcave.dow1.24 - dowprov.dowcave.dow1.23 - dowprov.dowcave.dow1.22 - dowprov.dowcave.dow1.21 - dowprov.dowcave.dow1.20 - dowprov.dowcave.dow1.19 - dowprov.dowcave.dow1.18 - dowprov.dowcave.dow1.17 - dowprov.dowcave.dow1.16 - dowprov.dowcave.dow1.15 - dowprov.dowcave.dow1.14 - dowprov.dowcave.dow1.13 - dowprov.dowcave.dow1.12 - dowprov.dowcave.dow1.11 - dowprov.dowcave.dow1.10 - dowprov.dowcave.dow1.9 - dowprov.dowcave.dow1.8 - dowprov.dowcave.dow1.7 - dowprov.dowcave.dow1.6 - dowprov.dowcave.dow1.5 - dowprov.dowcave.dow1.4 - dowprov.dowcave.dow1.3 - dowprov.dowcave.dow1.2 - dowprov.dowcave.dow1.1
Original length 334.29m ( 26 legs), moved   5.13m ( 0.20m/leg). Error   1.54%
5.452048
H: 7.236455 V: 1.471132

dowprov.dowcave.rattle1.1a - dowprov.dowcave.rattle1.1 - dowprov.dowcave.rattle1.2 - dowprov.dowcave.rattle1.3 - dowprov.dowcave.rattle1.4 - dowprov.dowcave.rattle1.5 - dowprov.dowcave.rattle1.6 - dowprov.dowcave.rattle1.7 - dowprov.dowcave.rattle1.8 - dowprov.dowcave.rattle1.9 - dowprov.dowcave.rattle1.10 - dowprov.dowcave.rattle1.11 - dowprov.dowcave.rattle1.12 - dowprov.dowcave.rattle1.13 - dowprov.dowcave.rattle1.14 - dowprov.dowcave.rattle1.15 = dowprov.dowcave.rattle3.15 - dowprov.dowcave.rattle3.16 - dowprov.dowcave.rattle3.17 - dowprov.dowcave.rattle3.18 - dowprov.dowcave.rattle3.19 - dowprov.dowcave.rattle3.f - dowprov.dowcave.rattle3.e - dowprov.dowcave.rattle3.b = dowprov.dowcave.rattle4.47 - dowprov.dowcave.rattle4.46 - dowprov.dowcave.rattle4.45 - dowprov.dowcave.rattle4.44 - dowprov.dowcave.rattle4.43 - dowprov.dowcave.rattle4.42 - dowprov.dowcave.rattle4.41 - dowprov.dowcave.rattle4.41a = dowprov.dowcave.dripstone.78a - dowprov.dowcave.dripstone.78 - dowprov.dowcave.dripstone.77 - dowprov.dowcave.dripstone.76 - dowprov.dowcave.dripstone.75 - dowprov.dowcave.dripstone.74 - dowprov.dowcave.dripstone.73 - dowprov.dowcave.dripstone.72 - dowprov.dowcave.dripstone.71 = dowprov.dowcave.dow3.1
Original length 165.96m ( 37 legs), moved   3.67m ( 0.10m/leg). Error   2.21%
6.467299
H: 3.946705 V: 9.371640

dowprov.dowcave.dow3.8 - dowprov.dowcave.dow3.7 - dowprov.dowcave.dow3.6 - dowprov.dowcave.dow3.5 - dowprov.dowcave.dow3.4 - dowprov.dowcave.dow3.3 - dowprov.dowcave.dow3.2 - dowprov.dowcave.dow3.1
Original length  76.86m (  7 legs), moved   2.78m ( 0.40m/leg). Error   3.62%
6.113253
H: 3.904291 V: 8.081353

dowprov.dowcave.choke2.albert2.1 - dowprov.dowcave.choke2.albert2.2 - dowprov.dowcave.choke2.albert2.3 - dowprov.dowcave.choke2.albert2.4 - dowprov.dowcave.choke2.albert2.5 - dowprov.dowcave.choke2.albert2.7 - dowprov.dowcave.choke2.albert2.8 - dowprov.dowcave.choke2.albert2.9 - dowprov.dowcave.choke2.albert2.10 - dowprov.dowcave.choke2.albert2.11 - 
Original length  30.80m ( 10 legs), moved   2.88m ( 0.29m/leg). Error   9.34%
11.370091
H: 5.765128 V: 17.516767

dowprov.dowcave.glooploop.18 - dowprov.dowcave.glooploop.17 - dowprov.dowcave.glooploop.16 - dowprov.dowcave.glooploop.15 - dowprov.dowcave.glooploop.14 - dowprov.dowcave.glooploop.13 - dowprov.dowcave.glooploop.12 - dowprov.dowcave.glooploop.11 - dowprov.dowcave.glooploop.10 - dowprov.dowcave.glooploop.9 - dowprov.dowcave.glooploop.8 - dowprov.dowcave.glooploop.7 - dowprov.dowcave.glooploop.6 - dowprov.dowcave.glooploop.5 - dowprov.dowcave.glooploop.4 - dowprov.dowcave.glooploop.3 - dowprov.dowcave.glooploop.2 - dowprov.dowcave.glooploop.1 = dowprov.dowcave.dow2.27
Original length 104.57m ( 17 legs), moved   5.39m ( 0.32m/leg). Error   5.16%
12.506961
H: 14.569341 V: 7.292747

dowprov.dowbergill1.dgp1.27 - dowprov.dowbergill1.dgp1.27a - dowprov.dowbergill1.dgp1.28 - dowprov.dowbergill1.dgp1.29 - dowprov.dowbergill1.dgp1.30 - dowprov.dowbergill1.dgp1.31 - dowprov.dowbergill1.dgp1.32 - dowprov.dowbergill1.dgp1.33 - dowprov.dowbergill1.dgp1.34 - dowprov.dowbergill1.dgp1.35 - dowprov.dowbergill1.dgp1.36 - dowprov.dowbergill1.dgp1.12
Original length 106.60m ( 11 legs), moved   1.78m ( 0.16m/leg). Error   1.67%
3.428973
H: 3.767941 V: 2.978506

dowprov.dowbergill1.dgp1.27 - dowprov.dowbergill1.dgp1.26 - dowprov.dowbergill1.dgp1.25 - dowprov.dowbergill1.dgp1.24 - dowprov.dowbergill1.dgp1.23 - dowprov.dowbergill1.dgp1.22 - dowprov.dowbergill1.dgp1.21 - dowprov.dowbergill1.dgp1.20 - dowprov.dowbergill1.dgp1.19 - dowprov.dowbergill1.dgp1.18 - dowprov.dowbergill1.dgp1.17 - dowprov.dowbergill1.dgp1.16 - dowprov.dowbergill1.dgp1.15 - dowprov.dowbergill1.dgp1.14 - dowprov.dowbergill1.dgp1.13 - dowprov.dowbergill1.dgp1.12
Original length  88.70m ( 15 legs), moved   0.46m ( 0.03m/leg). Error   0.52%
1.070903
H: 0.609226 V: 1.535099

dowprov.providencepot.ppot1.1 - dowprov.providencepot.ppot1.2 - dowprov.providencepot.ppot1.3 - dowprov.providencepot.ppot1.4 - dowprov.providencepot.ppot1.5 - dowprov.providencepot.ppot1.6 - dowprov.providencepot.ppot1.7 - dowprov.providencepot.ppot1.8 - dowprov.providencepot.ppot1.9 - dowprov.providencepot.ppot1.9a - dowprov.providencepot.ppot1.10 - dowprov.providencepot.ppot1.11 - dowprov.providencepot.ppot1.12 - dowprov.providencepot.ppot1.14 - dowprov.providencepot.ppot1.15 - dowprov.providencepot.ppot1.16 - dowprov.providencepot.ppot1.17 - dowprov.providencepot.ppot1.18 - dowprov.providencepot.ppot1.19 - dowprov.providencepot.ppot1.20 - dowprov.providencepot.ppot1.21 - dowprov.providencepot.ppot1.22 - dowprov.providencepot.ppot1.23 - dowprov.providencepot.ppot1.24 - dowprov.providencepot.ppot1.25 = dowprov.providencepot.ppot2.1 - dowprov.providencepot.ppot2.2 - dowprov.providencepot.ppot2.3 - dowprov.providencepot.ppot2.4 - dowprov.providencepot.ppot2.5 - dowprov.providencepot.ppot2.6 - dowprov.providencepot.ppot2.7 - dowprov.providencepot.ppot2.8 - dowprov.providencepot.ppot2.9 - dowprov.providencepot.ppot2.10 - dowprov.providencepot.ppot2.11 - dowprov.providencepot.ppot2.12 - dowprov.providencepot.ppot2.13 - dowprov.providencepot.ppot2.14 - dowprov.providencepot.ppot2.23 - dowprov.providencepot.ppot2.24 - dowprov.providencepot.ppot2.25 - dowprov.providencepot.ppot2.26 - dowprov.providencepot.ppot2.27 - dowprov.providencepot.ppot2.28 - dowprov.providencepot.ppot2.29 = dowprov.providencepot.ppot3.1 - dowprov.providencepot.ppot3.2 - dowprov.providencepot.ppot3.3 - dowprov.providencepot.ppot3.4 - dowprov.providencepot.ppot3.5 - dowprov.providencepot.ppot3.6 - dowprov.providencepot.ppot3.7 - dowprov.providencepot.ppot3.8 - dowprov.providencepot.ppot3.9 - dowprov.providencepot.ppot3.10 - dowprov.providencepot.ppot3.11 - dowprov.providencepot.ppot3.12 - dowprov.providencepot.ppot3.13 - dowprov.providencepot.ppot3.14 - dowprov.providencepot.ppot3.15 - dowprov.providencepot.ppot3.16 - dowprov.providencepot.ppot3.17 - dowprov.providencepot.ppot3.18 - dowprov.providencepot.ppot3.19 - dowprov.providencepot.ppot3.20 - dowprov.providencepot.ppot3.21 - dowprov.providencepot.ppot3.22 - dowprov.providencepot.ppot3.23 - dowprov.providencepot.ppot3.24 - dowprov.providencepot.ppot3.25 - dowprov.providencepot.ppot3.26 = dowprov.providencepot.ppot4.1 - dowprov.providencepot.ppot4.2 - dowprov.providencepot.ppot4.3 - dowprov.providencepot.ppot4.5 = dowprov.providencepot.ppot6.1 - dowprov.providencepot.ppot6.2 - dowprov.providencepot.ppot6.3 - dowprov.providencepot.ppot6.4 - dowprov.providencepot.ppot6.5 - dowprov.providencepot.ppot6.6 - dowprov.providencepot.ppot6.7 - dowprov.providencepot.ppot6.8 - dowprov.providencepot.ppot6.9 - dowprov.providencepot.ppot6.10 - dowprov.providencepot.ppot6.11 - dowprov.providencepot.ppot6.12 - dowprov.providencepot.ppot6.13 - dowprov.providencepot.ppot6.14 - dowprov.providencepot.ppot6.15 = dowprov.dowbergill2.dgp7.1 - dowprov.dowbergill2.dgp7.2 - dowprov.dowbergill2.dgp7.3 - dowprov.dowbergill2.dgp7.4 - dowprov.dowbergill2.dgp7.5 - dowprov.dowbergill2.dgp7.6 - dowprov.dowbergill2.dgp7.7 - dowprov.dowbergill2.dgp7.8 - dowprov.dowbergill2.dgp7.9 - dowprov.dowbergill2.dgp7.10 - dowprov.dowbergill2.dgp7.11 - dowprov.dowbergill2.dgp7.12 - dowprov.dowbergill2.dgp7.13 - dowprov.dowbergill2.dgp7.14 - dowprov.dowbergill2.dgp7.15 - dowprov.dowbergill2.dgp7.16 - dowprov.dowbergill2.dgp7.17 - dowprov.dowbergill2.dgp7.18 - dowprov.dowbergill2.dgp7.19 - dowprov.dowbergill2.dgp7.20 - dowprov.dowbergill2.dgp7.21 - dowprov.dowbergill2.dgp7.22 - dowprov.dowbergill2.dgp7.23 - dowprov.dowbergill2.dgp7.24 - dowprov.dowbergill2.dgp7.25 - dowprov.dowbergill2.dgp7.26 - dowprov.dowbergill2.dgp7.27 - dowprov.dowbergill2.dgp7.28 - dowprov.dowbergill2.dgp7.29 - dowprov.dowbergill2.dgp7.30 - dowprov.dowbergill2.dgp7.31 - dowprov.dowbergill2.dgp7.32 - dowprov.dowbergill2.dgp7.33 - dowprov.dowbergill2.dgp7.34 - dowprov.dowbergill2.dgp7.35 - dowprov.dowbergill2.dgp7.36 - dowprov.dowbergill2.dgp7.37 - dowprov.dowbergill2.dgp7.38 - dowprov.dowbergill2.dgp7.39 - dowprov.dowbergill2.dgp7.40 - dowprov.dowbergill2.dgp7.41 - dowprov.dowbergill2.dgp7.42 - dowprov.dowbergill2.dgp7.43 = dowprov.dowbergill2.dgp6.1 - dowprov.dowbergill2.dgp6.2 - dowprov.dowbergill2.dgp6.3 - dowprov.dowbergill2.dgp6.4 - dowprov.dowbergill2.dgp6.5 - dowprov.dowbergill2.dgp6.6 - dowprov.dowbergill2.dgp6.7 - dowprov.dowbergill2.dgp6.8 - dowprov.dowbergill2.dgp6.9 - dowprov.dowbergill2.dgp6.10 - dowprov.dowbergill2.dgp6.11 - dowprov.dowbergill2.dgp6.12 - dowprov.dowbergill2.dgp6.13 - dowprov.dowbergill2.dgp6.14 - dowprov.dowbergill2.dgp6.15 - dowprov.dowbergill2.dgp6.16 - dowprov.dowbergill2.dgp6.17 - dowprov.dowbergill2.dgp6.18 - dowprov.dowbergill2.dgp6.19 - dowprov.dowbergill2.dgp6.20 - dowprov.dowbergill2.dgp6.21 - dowprov.dowbergill2.dgp6.22 - dowprov.dowbergill2.dgp6.23 - dowprov.dowbergill2.dgp6.24 - dowprov.dowbergill2.dgp6.25 - dowprov.dowbergill2.dgp6.26 - dowprov.dowbergill2.dgp6.27 - dowprov.dowbergill2.dgp6.28 - dowprov.dowbergill2.dgp6.29 - dowprov.dowbergill2.dgp6.30 - dowprov.dowbergill2.dgp6.31 - dowprov.dowbergill2.dgp6.32 - dowprov.dowbergill2.dgp6.33 - dowprov.dowbergill2.dgp6.34 - dowprov.dowbergill2.dgp6.35 - dowprov.dowbergill2.dgp6.36 - dowprov.dowbergill2.dgp6.37 - dowprov.dowbergill2.dgp6.38 - dowprov.dowbergill2.dgp6.39 - dowprov.dowbergill2.dgp6.40 - dowprov.dowbergill2.dgp6.41 - dowprov.dowbergill2.dgp6.42 - dowprov.dowbergill2.dgp6.43 - dowprov.dowbergill2.dgp6.44 - dowprov.dowbergill2.dgp6.45 - dowprov.dowbergill2.dgp6.46 = dowprov.dowbergill1.dgp5.16 - dowprov.dowbergill1.dgp5.15 - dowprov.dowbergill1.dgp5.14a - dowprov.dowbergill1.dgp5.14 - dowprov.dowbergill1.dgp5.13 - dowprov.dowbergill1.dgp5.12 - dowprov.dowbergill1.dgp5.11a - dowprov.dowbergill1.dgp5.11 - dowprov.dowbergill1.dgp5.10 - dowprov.dowbergill1.dgp5.9 - dowprov.dowbergill1.dgp5.8 - dowprov.dowbergill1.dgp5.7 - dowprov.dowbergill1.dgp5.6 - dowprov.dowbergill1.dgp5.5 - dowprov.dowbergill1.dgp5.4 - dowprov.dowbergill1.dgp5.3 - dowprov.dowbergill1.dgp5.2a - dowprov.dowbergill1.dgp5.2 - dowprov.dowbergill1.dgp5.1 = dowprov.dowbergill1.dgp4.19 - dowprov.dowbergill1.dgp4.18 - dowprov.dowbergill1.dgp4.17 - dowprov.dowbergill1.dgp4.16a - dowprov.dowbergill1.dgp4.16 - dowprov.dowbergill1.dgp4.15 - dowprov.dowbergill1.dgp4.14 - dowprov.dowbergill1.dgp4.13 - dowprov.dowbergill1.dgp4.12 - dowprov.dowbergill1.dgp4.11 - dowprov.dowbergill1.dgp4.10 - dowprov.dowbergill1.dgp4.9 - dowprov.dowbergill1.dgp4.8a - dowprov.dowbergill1.dgp4.8 - dowprov.dowbergill1.dgp4.7a - dowprov.dowbergill1.dgp4.7 - dowprov.dowbergill1.dgp4.6 - dowprov.dowbergill1.dgp4.5a - dowprov.dowbergill1.dgp4.5 - dowprov.dowbergill1.dgp4.4 - dowprov.dowbergill1.dgp4.3 - dowprov.dowbergill1.dgp4.2 - dowprov.dowbergill1.dgp4.1 = dowprov.dowbergill1.dgp3.22 - dowprov.dowbergill1.dgp3.21 - dowprov.dowbergill1.dgp3.20 - dowprov.dowbergill1.dgp3.19 - dowprov.dowbergill1.dgp3.18 - dowprov.dowbergill1.dgp3.17 - dowprov.dowbergill1.dgp3.16 - dowprov.dowbergill1.dgp3.15 - dowprov.dowbergill1.dgp3.14 - dowprov.dowbergill1.dgp3.13 - dowprov.dowbergill1.dgp3.12 - dowprov.dowbergill1.dgp3.11 - dowprov.dowbergill1.dgp3.10 - dowprov.dowbergill1.dgp3.9a - dowprov.dowbergill1.dgp3.9 - dowprov.dowbergill1.dgp3.8 - dowprov.dowbergill1.dgp3.7 - dowprov.dowbergill1.dgp3.6 - dowprov.dowbergill1.dgp3.5a - dowprov.dowbergill1.dgp3.5 - dowprov.dowbergill1.dgp3.4 - dowprov.dowbergill1.dgp3.3 - dowprov.dowbergill1.dgp3.2 - dowprov.dowbergill1.dgp3.1 = dowprov.dowbergill1.dgp2.26 - dowprov.dowbergill1.dgp2.25 - dowprov.dowbergill1.dgp2.24 - dowprov.dowbergill1.dgp2.23 - dowprov.dowbergill1.dgp2.22 - dowprov.dowbergill1.dgp2.21 - dowprov.dowbergill1.dgp2.20 - dowprov.dowbergill1.dgp2.19 - dowprov.dowbergill1.dgp2.18 - dowprov.dowbergill1.dgp2.17 - dowprov.dowbergill1.dgp2.16 - dowprov.dowbergill1.dgp2.15 - dowprov.dowbergill1.dgp2.14 - dowprov.dowbergill1.dgp2.13 - dowprov.dowbergill1.dgp2.12 - dowprov.dowbergill1.dgp2.11 - dowprov.dowbergill1.dgp2.10 - dowprov.dowbergill1.dgp2.9 - dowprov.dowbergill1.dgp2.8 - dowprov.dowbergill1.dgp2.7 - dowprov.dowbergill1.dgp2.6 - dowprov.dowbergill1.dgp2.5 - dowprov.dowbergill1.dgp2.4 - dowprov.dowbergill1.dgp2.3 - dowprov.dowbergill1.dgp2.2 - dowprov.dowbergill1.dgp2.1 = dowprov.dowbergill1.dgp1.27
Original length 1486.49m (261 legs), moved  20.31m ( 0.08m/leg). Error   1.37%
11.095763
H: 14.057312 V: 3.017889

dowprov.dowbergill1.dgp1.1 - dowprov.dowbergill1.dgp1.2 - dowprov.dowbergill1.dgp1.3 - dowprov.dowbergill1.dgp1.4 - dowprov.dowbergill1.dgp1.5 - dowprov.dowbergill1.dgp1.5a - dowprov.dowbergill1.dgp1.6 - dowprov.dowbergill1.dgp1.7 - dowprov.dowbergill1.dgp1.8 - dowprov.dowbergill1.dgp1.9 - dowprov.dowbergill1.dgp1.9a - dowprov.dowbergill1.dgp1.10 - dowprov.dowbergill1.dgp1.11 - dowprov.dowbergill1.dgp1.12
Original length 147.20m ( 13 legs), moved   3.25m ( 0.25m/leg). Error   2.21%
4.753121
H: 6.343273 V: 1.174524

dowprov.dowcave.dow2.31 - dowprov.dowcave.dow2.32 - dowprov.dowcave.dow2.33 - dowprov.dowcave.dow2.34 - 
Original length  36.74m (  4 legs), moved   1.40m ( 0.35m/leg). Error   3.81%
4.861836
H: 5.224988 V: 4.311204

dowprov.dowcave.dow2.31 - dowprov.dowcave.dow2.30 - dowprov.dowcave.dow2.29 - dowprov.dowcave.dow2.28 - dowprov.dowcave.dow2.27
Original length  43.90m (  4 legs), moved   2.80m ( 0.70m/leg). Error   6.37%
9.039210
H: 11.396228 V: 4.227653

dowprov.hagdyke.w - dowprov.hagdyke.n - dowprov.hagdyke.e - dowprov.hagdyke.s - dowprov.hagdyke.w
Original length  65.00m (  4 legs), moved   0.00m ( 0.00m/leg). Error   0.00%
0.000000
H: 0.000000 V: 0.000000

